  [1m[36m (1.7ms)[0m  [1mCREATE TABLE "schema_migrations" ("version" varchar NOT NULL) [0m
  [1m[35m (0.1ms)[0m  select sqlite_version(*)
  [1m[36m (1.6ms)[0m  [1mCREATE UNIQUE INDEX "unique_schema_migrations" ON "schema_migrations" ("version")[0m
  [1m[35mActiveRecord::SchemaMigration Load (0.1ms)[0m  SELECT "schema_migrations".* FROM "schema_migrations"


Started GET "/" for ::1 at 2015-11-17 17:47:54 -0600
Processing by Rails::WelcomeController#index as HTML
  Rendered /Users/admin/.rvm/gems/ruby-2.1.2/gems/railties-4.2.3/lib/rails/templates/rails/welcome/index.html.erb (2.8ms)
Completed 200 OK in 27ms (Views: 19.4ms | ActiveRecord: 0.0ms)
  [1m[36mActiveRecord::SchemaMigration Load (0.1ms)[0m  [1mSELECT "schema_migrations".* FROM "schema_migrations"[0m
Migrating to CreateStudents (1)
  [1m[35m (0.1ms)[0m  begin transaction
  [1m[36m (0.4ms)[0m  [1mCREATE TABLE "students" ("id" INTEGER PRIMARY KEY AUTOINCREMENT NOT NULL, "first_name" varchar, "last_name" varchar, "created_at" datetime NOT NULL, "updated_at" datetime NOT NULL) [0m
  [1m[35mSQL (0.3ms)[0m  INSERT INTO "schema_migrations" ("version") VALUES (?)  [["version", "1"]]
  [1m[36m (1.4ms)[0m  [1mcommit transaction[0m
  [1m[35mActiveRecord::SchemaMigration Load (0.1ms)[0m  SELECT "schema_migrations".* FROM "schema_migrations"
  [1m[36m (0.1ms)[0m  [1mbegin transaction[0m
  [1m[35mSQL (0.3ms)[0m  INSERT INTO "students" ("first_name", "last_name", "created_at", "updated_at") VALUES (?, ?, ?, ?)  [["first_name", "Jordan"], ["last_name", "Hudgens"], ["created_at", "2015-11-18 00:10:55.545365"], ["updated_at", "2015-11-18 00:10:55.545365"]]
  [1m[36m (2.9ms)[0m  [1mcommit transaction[0m
  [1m[35mStudent Load (0.2ms)[0m  SELECT  "students".* FROM "students"  ORDER BY "students"."id" DESC LIMIT 1
  [1m[36m (0.1ms)[0m  [1mbegin transaction[0m
  [1m[35mSQL (0.3ms)[0m  INSERT INTO "students" ("created_at", "updated_at") VALUES (?, ?)  [["created_at", "2015-11-18 00:17:49.095449"], ["updated_at", "2015-11-18 00:17:49.095449"]]
  [1m[36m (1.2ms)[0m  [1mcommit transaction[0m
  [1m[35mStudent Load (0.2ms)[0m  SELECT  "students".* FROM "students"  ORDER BY "students"."id" DESC LIMIT 1
  [1m[36mActiveRecord::SchemaMigration Load (0.1ms)[0m  [1mSELECT "schema_migrations".* FROM "schema_migrations"[0m
  [1m[35mActiveRecord::SchemaMigration Load (0.1ms)[0m  SELECT "schema_migrations".* FROM "schema_migrations"


Started GET "/" for ::1 at 2015-11-18 13:36:42 -0600
  [1m[36mActiveRecord::SchemaMigration Load (0.1ms)[0m  [1mSELECT "schema_migrations".* FROM "schema_migrations"[0m
Processing by Rails::WelcomeController#index as HTML
  Rendered /Users/admin/.rvm/gems/ruby-2.1.2/gems/railties-4.2.3/lib/rails/templates/rails/welcome/index.html.erb (2.4ms)
Completed 200 OK in 39ms (Views: 24.5ms | ActiveRecord: 0.0ms)


Started GET "/" for ::1 at 2015-11-18 13:37:10 -0600
Processing by Rails::WelcomeController#index as HTML
  Rendered /Users/admin/.rvm/gems/ruby-2.1.2/gems/railties-4.2.3/lib/rails/templates/rails/welcome/index.html.erb (0.0ms)
Completed 200 OK in 1ms (Views: 0.7ms | ActiveRecord: 0.0ms)
  [1m[36mActiveRecord::SchemaMigration Load (0.5ms)[0m  [1mSELECT "schema_migrations".* FROM "schema_migrations"[0m
  [1m[35mActiveRecord::SchemaMigration Load (0.1ms)[0m  SELECT "schema_migrations".* FROM "schema_migrations"
  [1m[36mStudent Load (0.4ms)[0m  [1mSELECT  "students".* FROM "students"  ORDER BY "students"."id" DESC LIMIT 1[0m
  [1m[35mStudent Load (0.2ms)[0m  SELECT  "students".* FROM "students"  ORDER BY "students"."id" DESC LIMIT 1
  [1m[36m (0.1ms)[0m  [1mbegin transaction[0m
  [1m[35mSQL (0.6ms)[0m  DELETE FROM "students" WHERE "students"."id" = ?  [["id", 2]]
  [1m[36m (1.6ms)[0m  [1mcommit transaction[0m
  [1m[35mStudent Load (0.2ms)[0m  SELECT "students".* FROM "students"
  [1m[36mActiveRecord::SchemaMigration Load (0.1ms)[0m  [1mSELECT "schema_migrations".* FROM "schema_migrations"[0m
Migrating to CreateSchoolClasses (20180521215017)
  [1m[35m (0.1ms)[0m  begin transaction
  [1m[36m (0.7ms)[0m  [1mCREATE TABLE "school_classes" ("id" INTEGER PRIMARY KEY AUTOINCREMENT NOT NULL, "title" varchar, "room_number" integer, "created_at" datetime NOT NULL, "updated_at" datetime NOT NULL) [0m
  [1m[35mSQL (0.3ms)[0m  INSERT INTO "schema_migrations" ("version") VALUES (?)  [["version", "20180521215017"]]
  [1m[36m (1.5ms)[0m  [1mcommit transaction[0m
  [1m[35mActiveRecord::SchemaMigration Load (0.2ms)[0m  SELECT "schema_migrations".* FROM "schema_migrations"
  [1m[36m (0.1ms)[0m  [1mbegin transaction[0m
  [1m[35mSQL (1.1ms)[0m  INSERT INTO "school_classes" ("title", "room_number", "created_at", "updated_at") VALUES (?, ?, ?, ?)  [["title", "whataclass"], ["room_number", 7], ["created_at", "2018-05-21 21:58:41.636686"], ["updated_at", "2018-05-21 21:58:41.636686"]]
  [1m[36m (1.3ms)[0m  [1mcommit transaction[0m
  [1m[35m (0.2ms)[0m  begin transaction
  [1m[36mSQL (1.6ms)[0m  [1mINSERT INTO "school_classes" ("title", "room_number", "created_at", "updated_at") VALUES (?, ?, ?, ?)[0m  [["title", "classfromhell"], ["room_number", 666], ["created_at", "2018-05-21 21:59:16.777396"], ["updated_at", "2018-05-21 21:59:16.777396"]]
  [1m[35m (2.6ms)[0m  commit transaction
  [1m[36mSchoolClass Load (0.4ms)[0m  [1mSELECT "school_classes".* FROM "school_classes"[0m


Started GET "/school_class/new" for ::1 at 2018-05-21 18:43:36 -0400
  [1m[36mActiveRecord::SchemaMigration Load (0.2ms)[0m  [1mSELECT "schema_migrations".* FROM "schema_migrations"[0m

ActionController::RoutingError (No route matches [GET] "/school_class/new"):
  actionpack (4.2.10) lib/action_dispatch/middleware/debug_exceptions.rb:21:in `call'
  actionpack (4.2.10) lib/action_dispatch/middleware/show_exceptions.rb:30:in `call'
  railties (4.2.10) lib/rails/rack/logger.rb:38:in `call_app'
  railties (4.2.10) lib/rails/rack/logger.rb:20:in `block in call'
  activesupport (4.2.10) lib/active_support/tagged_logging.rb:68:in `block in tagged'
  activesupport (4.2.10) lib/active_support/tagged_logging.rb:26:in `tagged'
  activesupport (4.2.10) lib/active_support/tagged_logging.rb:68:in `tagged'
  railties (4.2.10) lib/rails/rack/logger.rb:20:in `call'
  actionpack (4.2.10) lib/action_dispatch/middleware/request_id.rb:21:in `call'
  rack (1.6.10) lib/rack/methodoverride.rb:22:in `call'
  rack (1.6.10) lib/rack/runtime.rb:18:in `call'
  activesupport (4.2.10) lib/active_support/cache/strategy/local_cache_middleware.rb:28:in `call'
  rack (1.6.10) lib/rack/lock.rb:17:in `call'
  actionpack (4.2.10) lib/action_dispatch/middleware/static.rb:120:in `call'
  rack (1.6.10) lib/rack/sendfile.rb:113:in `call'
  railties (4.2.10) lib/rails/engine.rb:518:in `call'
  railties (4.2.10) lib/rails/application.rb:165:in `call'
  rack (1.6.10) lib/rack/lock.rb:17:in `call'
  rack (1.6.10) lib/rack/content_length.rb:15:in `call'
  rack (1.6.10) lib/rack/handler/webrick.rb:88:in `service'
  /Users/daianebushey/.rvm/rubies/ruby-2.3.3/lib/ruby/2.3.0/webrick/httpserver.rb:140:in `service'
  /Users/daianebushey/.rvm/rubies/ruby-2.3.3/lib/ruby/2.3.0/webrick/httpserver.rb:96:in `run'
  /Users/daianebushey/.rvm/rubies/ruby-2.3.3/lib/ruby/2.3.0/webrick/server.rb:296:in `block in start_thread'


  Rendered /Users/daianebushey/.rvm/gems/ruby-2.3.3/gems/actionpack-4.2.10/lib/action_dispatch/middleware/templates/rescues/_trace.html.erb (1.7ms)
  Rendered /Users/daianebushey/.rvm/gems/ruby-2.3.3/gems/actionpack-4.2.10/lib/action_dispatch/middleware/templates/routes/_route.html.erb (3.1ms)
  Rendered /Users/daianebushey/.rvm/gems/ruby-2.3.3/gems/actionpack-4.2.10/lib/action_dispatch/middleware/templates/routes/_table.html.erb (12.6ms)
  Rendered /Users/daianebushey/.rvm/gems/ruby-2.3.3/gems/actionpack-4.2.10/lib/action_dispatch/middleware/templates/rescues/_request_and_response.html.erb (17.6ms)
  Rendered /Users/daianebushey/.rvm/gems/ruby-2.3.3/gems/actionpack-4.2.10/lib/action_dispatch/middleware/templates/rescues/routing_error.html.erb within rescues/layout (175.6ms)


Started GET "/school_class/1" for ::1 at 2018-05-21 18:44:25 -0400

ActionController::RoutingError (No route matches [GET] "/school_class/1"):
  actionpack (4.2.10) lib/action_dispatch/middleware/debug_exceptions.rb:21:in `call'
  actionpack (4.2.10) lib/action_dispatch/middleware/show_exceptions.rb:30:in `call'
  railties (4.2.10) lib/rails/rack/logger.rb:38:in `call_app'
  railties (4.2.10) lib/rails/rack/logger.rb:20:in `block in call'
  activesupport (4.2.10) lib/active_support/tagged_logging.rb:68:in `block in tagged'
  activesupport (4.2.10) lib/active_support/tagged_logging.rb:26:in `tagged'
  activesupport (4.2.10) lib/active_support/tagged_logging.rb:68:in `tagged'
  railties (4.2.10) lib/rails/rack/logger.rb:20:in `call'
  actionpack (4.2.10) lib/action_dispatch/middleware/request_id.rb:21:in `call'
  rack (1.6.10) lib/rack/methodoverride.rb:22:in `call'
  rack (1.6.10) lib/rack/runtime.rb:18:in `call'
  activesupport (4.2.10) lib/active_support/cache/strategy/local_cache_middleware.rb:28:in `call'
  rack (1.6.10) lib/rack/lock.rb:17:in `call'
  actionpack (4.2.10) lib/action_dispatch/middleware/static.rb:120:in `call'
  rack (1.6.10) lib/rack/sendfile.rb:113:in `call'
  railties (4.2.10) lib/rails/engine.rb:518:in `call'
  railties (4.2.10) lib/rails/application.rb:165:in `call'
  rack (1.6.10) lib/rack/lock.rb:17:in `call'
  rack (1.6.10) lib/rack/content_length.rb:15:in `call'
  rack (1.6.10) lib/rack/handler/webrick.rb:88:in `service'
  /Users/daianebushey/.rvm/rubies/ruby-2.3.3/lib/ruby/2.3.0/webrick/httpserver.rb:140:in `service'
  /Users/daianebushey/.rvm/rubies/ruby-2.3.3/lib/ruby/2.3.0/webrick/httpserver.rb:96:in `run'
  /Users/daianebushey/.rvm/rubies/ruby-2.3.3/lib/ruby/2.3.0/webrick/server.rb:296:in `block in start_thread'


  Rendered /Users/daianebushey/.rvm/gems/ruby-2.3.3/gems/actionpack-4.2.10/lib/action_dispatch/middleware/templates/rescues/_trace.html.erb (1.9ms)
  Rendered /Users/daianebushey/.rvm/gems/ruby-2.3.3/gems/actionpack-4.2.10/lib/action_dispatch/middleware/templates/routes/_route.html.erb (2.3ms)
  Rendered /Users/daianebushey/.rvm/gems/ruby-2.3.3/gems/actionpack-4.2.10/lib/action_dispatch/middleware/templates/routes/_table.html.erb (1.5ms)
  Rendered /Users/daianebushey/.rvm/gems/ruby-2.3.3/gems/actionpack-4.2.10/lib/action_dispatch/middleware/templates/rescues/_request_and_response.html.erb (1.3ms)
  Rendered /Users/daianebushey/.rvm/gems/ruby-2.3.3/gems/actionpack-4.2.10/lib/action_dispatch/middleware/templates/rescues/routing_error.html.erb within rescues/layout (120.0ms)


Started GET "/school_classes/new" for ::1 at 2018-05-21 18:44:48 -0400
Processing by SchoolClassesController#new as HTML
  Rendered school_classes/new.html.erb within layouts/application (1.2ms)
Completed 500 Internal Server Error in 22ms (ActiveRecord: 0.8ms)

SyntaxError (/Users/daianebushey/flatiron_dev/week_5_rails/2018-05-21/rails-form_for-lab-dumbo-web-042318/app/views/school_classes/new.html.erb:13: syntax error, unexpected keyword_ensure, expecting keyword_end
/Users/daianebushey/flatiron_dev/week_5_rails/2018-05-21/rails-form_for-lab-dumbo-web-042318/app/views/school_classes/new.html.erb:15: syntax error, unexpected end-of-input, expecting keyword_end):
  app/views/school_classes/new.html.erb:13: syntax error, unexpected keyword_ensure, expecting keyword_end
  app/views/school_classes/new.html.erb:15: syntax error, unexpected end-of-input, expecting keyword_end


  Rendered /Users/daianebushey/.rvm/gems/ruby-2.3.3/gems/actionpack-4.2.10/lib/action_dispatch/middleware/templates/rescues/_source.erb (9.1ms)
  Rendered /Users/daianebushey/.rvm/gems/ruby-2.3.3/gems/actionpack-4.2.10/lib/action_dispatch/middleware/templates/rescues/_trace.html.erb (3.4ms)
  Rendered /Users/daianebushey/.rvm/gems/ruby-2.3.3/gems/actionpack-4.2.10/lib/action_dispatch/middleware/templates/rescues/_request_and_response.html.erb (1.0ms)
  Rendered /Users/daianebushey/.rvm/gems/ruby-2.3.3/gems/actionpack-4.2.10/lib/action_dispatch/middleware/templates/rescues/diagnostics.html.erb within rescues/layout (104.5ms)


Started GET "/school_classes/new" for ::1 at 2018-05-21 18:45:37 -0400
Processing by SchoolClassesController#new as HTML
  Rendered school_classes/new.html.erb within layouts/application (13.4ms)
Completed 200 OK in 1705ms (Views: 1704.5ms | ActiveRecord: 0.0ms)


Started GET "/assets/school_classes.self-e3b0c44298fc1c149afbf4c8996fb92427ae41e4649b934ca495991b7852b855.css?body=1" for ::1 at 2018-05-21 18:45:39 -0400


Started GET "/assets/students.self-e3b0c44298fc1c149afbf4c8996fb92427ae41e4649b934ca495991b7852b855.css?body=1" for ::1 at 2018-05-21 18:45:39 -0400


Started GET "/assets/school_classes.self-877aef30ae1b040ab8a3aba4e3e309a11d7f2612f44dde450b5c157aa5f95c05.js?body=1" for ::1 at 2018-05-21 18:45:39 -0400


Started GET "/assets/students.self-877aef30ae1b040ab8a3aba4e3e309a11d7f2612f44dde450b5c157aa5f95c05.js?body=1" for ::1 at 2018-05-21 18:45:39 -0400


Started POST "/school_classes" for ::1 at 2018-05-21 18:46:08 -0400
Processing by SchoolClassesController#create as HTML
  Parameters: {"utf8"=>"✓", "authenticity_token"=>"euhQ0FZ2FlM2z2gzqXVQPtbK8y/Qp50vpcKoREb+pCeAw2MagydLF03DAdK5Jv0HWp1zGUxhgLUSrw3NTzCpwA==", "school_class"=>{"title"=>"s_c_1", "room_number"=>"001"}, "commit"=>"Create School class"}
Completed 400 Bad Request in 2ms (ActiveRecord: 0.0ms)

ActionController::ParameterMissing (param is missing or the value is empty: post):
  app/controllers/school_classes_controller.rb:32:in `post_params'
  app/controllers/school_classes_controller.rb:7:in `create'


  Rendered /Users/daianebushey/.rvm/gems/ruby-2.3.3/gems/actionpack-4.2.10/lib/action_dispatch/middleware/templates/rescues/_source.erb (5.5ms)
  Rendered /Users/daianebushey/.rvm/gems/ruby-2.3.3/gems/actionpack-4.2.10/lib/action_dispatch/middleware/templates/rescues/_trace.html.erb (2.1ms)
  Rendered /Users/daianebushey/.rvm/gems/ruby-2.3.3/gems/actionpack-4.2.10/lib/action_dispatch/middleware/templates/rescues/_request_and_response.html.erb (1.1ms)
  Rendered /Users/daianebushey/.rvm/gems/ruby-2.3.3/gems/actionpack-4.2.10/lib/action_dispatch/middleware/templates/rescues/diagnostics.html.erb within rescues/layout (86.3ms)


Started POST "/school_classes" for ::1 at 2018-05-21 18:46:38 -0400
Processing by SchoolClassesController#create as HTML
  Parameters: {"utf8"=>"✓", "authenticity_token"=>"euhQ0FZ2FlM2z2gzqXVQPtbK8y/Qp50vpcKoREb+pCeAw2MagydLF03DAdK5Jv0HWp1zGUxhgLUSrw3NTzCpwA==", "school_class"=>{"title"=>"s_c_1", "room_number"=>"001"}, "commit"=>"Create School class"}
Completed 400 Bad Request in 4ms (ActiveRecord: 0.0ms)

ActionController::ParameterMissing (param is missing or the value is empty: school_classe):
  app/controllers/school_classes_controller.rb:32:in `post_params'
  app/controllers/school_classes_controller.rb:7:in `create'


  Rendered /Users/daianebushey/.rvm/gems/ruby-2.3.3/gems/actionpack-4.2.10/lib/action_dispatch/middleware/templates/rescues/_source.erb (4.8ms)
  Rendered /Users/daianebushey/.rvm/gems/ruby-2.3.3/gems/actionpack-4.2.10/lib/action_dispatch/middleware/templates/rescues/_trace.html.erb (2.1ms)
  Rendered /Users/daianebushey/.rvm/gems/ruby-2.3.3/gems/actionpack-4.2.10/lib/action_dispatch/middleware/templates/rescues/_request_and_response.html.erb (1.0ms)
  Rendered /Users/daianebushey/.rvm/gems/ruby-2.3.3/gems/actionpack-4.2.10/lib/action_dispatch/middleware/templates/rescues/diagnostics.html.erb within rescues/layout (97.7ms)


Started GET "/school_classes/new" for ::1 at 2018-05-21 18:46:56 -0400
Processing by SchoolClassesController#new as HTML
  Rendered school_classes/new.html.erb within layouts/application (1.8ms)
Completed 200 OK in 55ms (Views: 46.4ms | ActiveRecord: 0.9ms)


Started POST "/school_classes" for ::1 at 2018-05-21 18:47:07 -0400
Processing by SchoolClassesController#create as HTML
  Parameters: {"utf8"=>"✓", "authenticity_token"=>"kJdjyUuWzVpTd1yjcel3bH53YICQI3xiDPEWXNDaXD5qvFADnseQHih7NUJhutpV8iDgtgzlYfi7nLPV2RRR2Q==", "school_class"=>{"title"=>"s_c_2", "room_number"=>"002"}, "commit"=>"Create School class"}
Completed 400 Bad Request in 1ms (ActiveRecord: 0.0ms)

ActionController::ParameterMissing (param is missing or the value is empty: school_classe):
  app/controllers/school_classes_controller.rb:32:in `post_params'
  app/controllers/school_classes_controller.rb:7:in `create'


  Rendered /Users/daianebushey/.rvm/gems/ruby-2.3.3/gems/actionpack-4.2.10/lib/action_dispatch/middleware/templates/rescues/_source.erb (8.3ms)
  Rendered /Users/daianebushey/.rvm/gems/ruby-2.3.3/gems/actionpack-4.2.10/lib/action_dispatch/middleware/templates/rescues/_trace.html.erb (2.6ms)
  Rendered /Users/daianebushey/.rvm/gems/ruby-2.3.3/gems/actionpack-4.2.10/lib/action_dispatch/middleware/templates/rescues/_request_and_response.html.erb (1.0ms)
  Rendered /Users/daianebushey/.rvm/gems/ruby-2.3.3/gems/actionpack-4.2.10/lib/action_dispatch/middleware/templates/rescues/diagnostics.html.erb within rescues/layout (96.7ms)


Started GET "/school_classes/new" for ::1 at 2018-05-21 18:49:08 -0400
Processing by SchoolClassesController#new as HTML
  Rendered school_classes/new.html.erb within layouts/application (1.9ms)
Completed 200 OK in 52ms (Views: 44.3ms | ActiveRecord: 0.5ms)


Started POST "/school_classes" for ::1 at 2018-05-21 18:49:20 -0400
Processing by SchoolClassesController#create as HTML
  Parameters: {"utf8"=>"✓", "authenticity_token"=>"Y6TGjnCEI3ONuYGd47DoxlCisyS+dRqLDdlQOtw05HSZj/VEpdV+N/a16Hzz40X/3PUzEiKzBxG6tPWz1frpkw==", "school_class"=>{"title"=>"s_c_3", "room_number"=>"003"}, "commit"=>"Create School class"}
  [1m[35m (0.1ms)[0m  begin transaction
  [1m[36mSQL (1.0ms)[0m  [1mINSERT INTO "school_classes" ("title", "room_number", "created_at", "updated_at") VALUES (?, ?, ?, ?)[0m  [["title", "s_c_3"], ["room_number", 3], ["created_at", "2018-05-21 22:49:20.931112"], ["updated_at", "2018-05-21 22:49:20.931112"]]
  [1m[35m (1.3ms)[0m  commit transaction
Completed 500 Internal Server Error in 25ms (ActiveRecord: 2.4ms)

NoMethodError (undefined method `school_classe_path' for #<SchoolClassesController:0x007f9daa3f4a90>
Did you mean?  school_classes_path
               school_class_path
               school_classes_url
               school_class_url):
  app/controllers/school_classes_controller.rb:11:in `create'


  Rendered /Users/daianebushey/.rvm/gems/ruby-2.3.3/gems/actionpack-4.2.10/lib/action_dispatch/middleware/templates/rescues/_source.erb (5.1ms)
  Rendered /Users/daianebushey/.rvm/gems/ruby-2.3.3/gems/actionpack-4.2.10/lib/action_dispatch/middleware/templates/rescues/_trace.html.erb (4.1ms)
  Rendered /Users/daianebushey/.rvm/gems/ruby-2.3.3/gems/actionpack-4.2.10/lib/action_dispatch/middleware/templates/rescues/_request_and_response.html.erb (1.2ms)
  Rendered /Users/daianebushey/.rvm/gems/ruby-2.3.3/gems/actionpack-4.2.10/lib/action_dispatch/middleware/templates/rescues/diagnostics.html.erb within rescues/layout (108.8ms)


Started POST "/school_classes" for ::1 at 2018-05-21 18:50:02 -0400
Processing by SchoolClassesController#create as HTML
  Parameters: {"utf8"=>"✓", "authenticity_token"=>"Y6TGjnCEI3ONuYGd47DoxlCisyS+dRqLDdlQOtw05HSZj/VEpdV+N/a16Hzz40X/3PUzEiKzBxG6tPWz1frpkw==", "school_class"=>{"title"=>"s_c_3", "room_number"=>"003"}, "commit"=>"Create School class"}
  [1m[36m (0.1ms)[0m  [1mbegin transaction[0m
  [1m[35mSQL (0.9ms)[0m  INSERT INTO "school_classes" ("title", "room_number", "created_at", "updated_at") VALUES (?, ?, ?, ?)  [["title", "s_c_3"], ["room_number", 3], ["created_at", "2018-05-21 22:50:02.914372"], ["updated_at", "2018-05-21 22:50:02.914372"]]
  [1m[36m (1.2ms)[0m  [1mcommit transaction[0m
Redirected to http://localhost:3000/school_classes/4
Completed 302 Found in 18ms (ActiveRecord: 2.9ms)


Started GET "/school_classes/4" for ::1 at 2018-05-21 18:50:02 -0400
Processing by SchoolClassesController#show as HTML
  Parameters: {"id"=>"4"}
  [1m[35mSchoolClass Load (0.3ms)[0m  SELECT  "school_classes".* FROM "school_classes" WHERE "school_classes"."id" = ? LIMIT 1  [["id", 4]]
  Rendered school_classes/show.html.erb within layouts/application (0.8ms)
Completed 200 OK in 94ms (Views: 80.7ms | ActiveRecord: 0.3ms)


Started GET "/school_classes/new" for ::1 at 2018-05-21 18:50:36 -0400
Processing by SchoolClassesController#new as HTML
  Rendered school_classes/new.html.erb within layouts/application (1.5ms)
Completed 200 OK in 48ms (Views: 46.8ms | ActiveRecord: 0.0ms)


Started POST "/school_classes" for ::1 at 2018-05-21 18:50:55 -0400
Processing by SchoolClassesController#create as HTML
  Parameters: {"utf8"=>"✓", "authenticity_token"=>"7VH+u0o0HKmtylwm3kGfz38WSjuSPAGtpkTFbPAeqeYXes1xn2VB7dbGNcfOEjL280HKDQ76HDcRKWDl+dCkAQ==", "school_class"=>{"title"=>"Late_5", "room_number"=>"005?"}, "commit"=>"Create School class"}
  [1m[36m (0.1ms)[0m  [1mbegin transaction[0m
  [1m[35mSQL (0.4ms)[0m  INSERT INTO "school_classes" ("title", "room_number", "created_at", "updated_at") VALUES (?, ?, ?, ?)  [["title", "Late_5"], ["room_number", 5], ["created_at", "2018-05-21 22:50:55.325197"], ["updated_at", "2018-05-21 22:50:55.325197"]]
  [1m[36m (1.5ms)[0m  [1mcommit transaction[0m
Redirected to http://localhost:3000/school_classes/5
Completed 302 Found in 5ms (ActiveRecord: 1.9ms)


Started GET "/school_classes/5" for ::1 at 2018-05-21 18:50:55 -0400
Processing by SchoolClassesController#show as HTML
  Parameters: {"id"=>"5"}
  [1m[35mSchoolClass Load (0.1ms)[0m  SELECT  "school_classes".* FROM "school_classes" WHERE "school_classes"."id" = ? LIMIT 1  [["id", 5]]
  Rendered school_classes/show.html.erb within layouts/application (0.3ms)
Completed 200 OK in 53ms (Views: 51.3ms | ActiveRecord: 0.1ms)


Started GET "/school_classes/5/edit" for ::1 at 2018-05-21 18:51:22 -0400
Processing by SchoolClassesController#edit as HTML
  Parameters: {"id"=>"5"}
  [1m[36mSchoolClass Load (0.2ms)[0m  [1mSELECT  "school_classes".* FROM "school_classes" WHERE "school_classes"."id" = ? LIMIT 1[0m  [["id", 5]]
  Rendered school_classes/edit.html.erb within layouts/application (0.5ms)
Completed 200 OK in 41ms (Views: 39.6ms | ActiveRecord: 0.2ms)


Started GET "/school_classes/5/edit" for ::1 at 2018-05-21 18:56:37 -0400
Processing by SchoolClassesController#edit as HTML
  Parameters: {"id"=>"5"}
  [1m[35mSchoolClass Load (0.1ms)[0m  SELECT  "school_classes".* FROM "school_classes" WHERE "school_classes"."id" = ? LIMIT 1  [["id", 5]]
  Rendered school_classes/edit.html.erb within layouts/application (0.8ms)
Completed 500 Internal Server Error in 10ms (ActiveRecord: 0.1ms)

SyntaxError (/Users/daianebushey/flatiron_dev/week_5_rails/2018-05-21/rails-form_for-lab-dumbo-web-042318/app/views/school_classes/edit.html.erb:5: syntax error, unexpected tIVAR, expecting ')'
...text_field :title @school_class.title );@output_buffer.safe_...
...                               ^
/Users/daianebushey/flatiron_dev/week_5_rails/2018-05-21/rails-form_for-lab-dumbo-web-042318/app/views/school_classes/edit.html.erb:8: syntax error, unexpected tIVAR, expecting ')'
...area :room_number @school_class.room_number );@output_buffer...
...                               ^):
  app/views/school_classes/edit.html.erb:5: syntax error, unexpected tIVAR, expecting ')'
  app/views/school_classes/edit.html.erb:8: syntax error, unexpected tIVAR, expecting ')'


  Rendered /Users/daianebushey/.rvm/gems/ruby-2.3.3/gems/actionpack-4.2.10/lib/action_dispatch/middleware/templates/rescues/_source.erb (6.1ms)
  Rendered /Users/daianebushey/.rvm/gems/ruby-2.3.3/gems/actionpack-4.2.10/lib/action_dispatch/middleware/templates/rescues/_trace.html.erb (2.4ms)
  Rendered /Users/daianebushey/.rvm/gems/ruby-2.3.3/gems/actionpack-4.2.10/lib/action_dispatch/middleware/templates/rescues/_request_and_response.html.erb (1.1ms)
  Rendered /Users/daianebushey/.rvm/gems/ruby-2.3.3/gems/actionpack-4.2.10/lib/action_dispatch/middleware/templates/rescues/diagnostics.html.erb within rescues/layout (89.9ms)


Started GET "/school_classes/5/edit" for ::1 at 2018-05-21 18:57:45 -0400
Processing by SchoolClassesController#edit as HTML
  Parameters: {"id"=>"5"}
  [1m[36mSchoolClass Load (0.1ms)[0m  [1mSELECT  "school_classes".* FROM "school_classes" WHERE "school_classes"."id" = ? LIMIT 1[0m  [["id", 5]]
  Rendered school_classes/edit.html.erb within layouts/application (6.9ms)
Completed 500 Internal Server Error in 15ms (ActiveRecord: 0.1ms)

ActionView::Template::Error (undefined method `merge' for "Late_5":String):
    2: <%= form_for(@school_class) do |f| %>
    3: 
    4: <label>School Class Title:</label><br>
    5: <%= f.text_field :title, @school_class.title %><br>
    6: 
    7: <label>School Class Room Number:</label><br>
    8: <%= f.text_area :room_number, @school_class.room_number %><br>
  app/views/school_classes/edit.html.erb:5:in `block in _app_views_school_classes_edit_html_erb___4504285706910275074_70157586930020'
  app/views/school_classes/edit.html.erb:2:in `_app_views_school_classes_edit_html_erb___4504285706910275074_70157586930020'


  Rendered /Users/daianebushey/.rvm/gems/ruby-2.3.3/gems/actionpack-4.2.10/lib/action_dispatch/middleware/templates/rescues/_source.erb (8.0ms)
  Rendered /Users/daianebushey/.rvm/gems/ruby-2.3.3/gems/actionpack-4.2.10/lib/action_dispatch/middleware/templates/rescues/_trace.html.erb (4.2ms)
  Rendered /Users/daianebushey/.rvm/gems/ruby-2.3.3/gems/actionpack-4.2.10/lib/action_dispatch/middleware/templates/rescues/_request_and_response.html.erb (0.9ms)
  Rendered /Users/daianebushey/.rvm/gems/ruby-2.3.3/gems/actionpack-4.2.10/lib/action_dispatch/middleware/templates/rescues/template_error.html.erb within rescues/layout (93.7ms)


Started GET "/school_classes/5/edit" for ::1 at 2018-05-21 19:08:57 -0400
Processing by SchoolClassesController#edit as HTML
  Parameters: {"id"=>"5"}
  [1m[35mSchoolClass Load (0.4ms)[0m  SELECT  "school_classes".* FROM "school_classes" WHERE "school_classes"."id" = ? LIMIT 1  [["id", 5]]
  Rendered school_classes/edit.html.erb within layouts/application (6.0ms)
Completed 500 Internal Server Error in 44ms (ActiveRecord: 1.1ms)

ActionView::Template::Error (First argument in form cannot contain nil or be empty):
    1: 
    2: <%= form_for(@school_class) do |f| %>
    3: 
    4: <label>School Class Title:</label><br>
    5: <%= f.text_field :title, @school_class.title %><br>
  app/views/school_classes/edit.html.erb:2:in `_app_views_school_classes_edit_html_erb___4504285706910275074_70157567954820'


  Rendered /Users/daianebushey/.rvm/gems/ruby-2.3.3/gems/actionpack-4.2.10/lib/action_dispatch/middleware/templates/rescues/_source.erb (6.6ms)
  Rendered /Users/daianebushey/.rvm/gems/ruby-2.3.3/gems/actionpack-4.2.10/lib/action_dispatch/middleware/templates/rescues/_trace.html.erb (3.1ms)
  Rendered /Users/daianebushey/.rvm/gems/ruby-2.3.3/gems/actionpack-4.2.10/lib/action_dispatch/middleware/templates/rescues/_request_and_response.html.erb (1.5ms)
  Rendered /Users/daianebushey/.rvm/gems/ruby-2.3.3/gems/actionpack-4.2.10/lib/action_dispatch/middleware/templates/rescues/template_error.html.erb within rescues/layout (105.1ms)


Started GET "/school_classes/5/edit" for ::1 at 2018-05-21 19:12:49 -0400
Processing by SchoolClassesController#edit as HTML
  Parameters: {"id"=>"5"}
  [1m[36mSchoolClass Load (0.1ms)[0m  [1mSELECT  "school_classes".* FROM "school_classes" WHERE "school_classes"."id" = ? LIMIT 1[0m  [["id", 5]]
  Rendered school_classes/edit.html.erb within layouts/application (9.8ms)
Completed 500 Internal Server Error in 31ms (ActiveRecord: 0.6ms)

ActionView::Template::Error (undefined method `merge' for "Late_5":String):
    2: <%= form_for(@school_class) do |f| %>
    3: 
    4: <label>School Class Title:</label><br>
    5: <%= f.text_field :title, @school_class.title %><br>
    6: 
    7: <label>School Class Room Number:</label><br>
    8: <%= f.text_area :room_number, @school_class.room_number %><br>
  app/views/school_classes/edit.html.erb:5:in `block in _app_views_school_classes_edit_html_erb___4504285706910275074_70157567954820'
  app/views/school_classes/edit.html.erb:2:in `_app_views_school_classes_edit_html_erb___4504285706910275074_70157567954820'


  Rendered /Users/daianebushey/.rvm/gems/ruby-2.3.3/gems/actionpack-4.2.10/lib/action_dispatch/middleware/templates/rescues/_source.erb (8.2ms)
  Rendered /Users/daianebushey/.rvm/gems/ruby-2.3.3/gems/actionpack-4.2.10/lib/action_dispatch/middleware/templates/rescues/_trace.html.erb (3.5ms)
  Rendered /Users/daianebushey/.rvm/gems/ruby-2.3.3/gems/actionpack-4.2.10/lib/action_dispatch/middleware/templates/rescues/_request_and_response.html.erb (1.0ms)
  Rendered /Users/daianebushey/.rvm/gems/ruby-2.3.3/gems/actionpack-4.2.10/lib/action_dispatch/middleware/templates/rescues/template_error.html.erb within rescues/layout (94.1ms)


Started GET "/school_classes/new" for ::1 at 2018-05-21 19:13:00 -0400
Processing by SchoolClassesController#new as HTML
  Rendered school_classes/new.html.erb within layouts/application (1.2ms)
Completed 200 OK in 40ms (Views: 39.2ms | ActiveRecord: 0.0ms)


Started POST "/school_classes" for ::1 at 2018-05-21 19:13:06 -0400
Processing by SchoolClassesController#create as HTML
  Parameters: {"utf8"=>"✓", "authenticity_token"=>"5s1RdfzcMk6uVHDULlGHh0J1W3xA1ov3pgYVoiVDtQ0c5mK/KY1vCtVYGTU+Aiq+ziLbStwQlm0Ra7ArLI246g==", "school_class"=>{"title"=>"lala", "room_number"=>"fgfs"}, "commit"=>"Create School class"}
  [1m[35m (0.1ms)[0m  begin transaction
  [1m[36mSQL (0.5ms)[0m  [1mINSERT INTO "school_classes" ("title", "room_number", "created_at", "updated_at") VALUES (?, ?, ?, ?)[0m  [["title", "lala"], ["room_number", 0], ["created_at", "2018-05-21 23:13:06.687559"], ["updated_at", "2018-05-21 23:13:06.687559"]]
  [1m[35m (1.4ms)[0m  commit transaction
Redirected to http://localhost:3000/school_classes/6
Completed 302 Found in 6ms (ActiveRecord: 2.0ms)


Started GET "/school_classes/6" for ::1 at 2018-05-21 19:13:06 -0400
Processing by SchoolClassesController#show as HTML
  Parameters: {"id"=>"6"}
  [1m[36mSchoolClass Load (0.2ms)[0m  [1mSELECT  "school_classes".* FROM "school_classes" WHERE "school_classes"."id" = ? LIMIT 1[0m  [["id", 6]]
  Rendered school_classes/show.html.erb within layouts/application (0.2ms)
Completed 200 OK in 51ms (Views: 49.7ms | ActiveRecord: 0.2ms)


Started GET "/school_classes/6/edit" for ::1 at 2018-05-21 19:13:15 -0400
Processing by SchoolClassesController#edit as HTML
  Parameters: {"id"=>"6"}
  [1m[35mSchoolClass Load (0.1ms)[0m  SELECT  "school_classes".* FROM "school_classes" WHERE "school_classes"."id" = ? LIMIT 1  [["id", 6]]
  Rendered school_classes/edit.html.erb within layouts/application (15.1ms)
Completed 500 Internal Server Error in 24ms (ActiveRecord: 0.1ms)

ActionView::Template::Error (undefined method `merge' for "lala":String):
    2: <%= form_for(@school_class) do |f| %>
    3: 
    4: <label>School Class Title:</label><br>
    5: <%= f.text_field :title, @school_class.title %><br>
    6: 
    7: <label>School Class Room Number:</label><br>
    8: <%= f.text_area :room_number, @school_class.room_number %><br>
  app/views/school_classes/edit.html.erb:5:in `block in _app_views_school_classes_edit_html_erb___4504285706910275074_70157567954820'
  app/views/school_classes/edit.html.erb:2:in `_app_views_school_classes_edit_html_erb___4504285706910275074_70157567954820'


  Rendered /Users/daianebushey/.rvm/gems/ruby-2.3.3/gems/actionpack-4.2.10/lib/action_dispatch/middleware/templates/rescues/_source.erb (8.0ms)
  Rendered /Users/daianebushey/.rvm/gems/ruby-2.3.3/gems/actionpack-4.2.10/lib/action_dispatch/middleware/templates/rescues/_trace.html.erb (3.0ms)
  Rendered /Users/daianebushey/.rvm/gems/ruby-2.3.3/gems/actionpack-4.2.10/lib/action_dispatch/middleware/templates/rescues/_request_and_response.html.erb (1.9ms)
  Rendered /Users/daianebushey/.rvm/gems/ruby-2.3.3/gems/actionpack-4.2.10/lib/action_dispatch/middleware/templates/rescues/template_error.html.erb within rescues/layout (97.7ms)


Started GET "/school_classes/6/edit" for ::1 at 2018-05-21 19:14:04 -0400
Processing by SchoolClassesController#edit as HTML
  Parameters: {"id"=>"6"}
  [1m[36mSchoolClass Load (0.2ms)[0m  [1mSELECT  "school_classes".* FROM "school_classes" WHERE "school_classes"."id" = ? LIMIT 1[0m  [["id", 6]]
  Rendered school_classes/edit.html.erb within layouts/application (2.4ms)
Completed 200 OK in 54ms (Views: 52.7ms | ActiveRecord: 0.2ms)


Started PATCH "/school_classes/6" for ::1 at 2018-05-21 19:14:06 -0400
Processing by SchoolClassesController#update as HTML
  Parameters: {"utf8"=>"✓", "authenticity_token"=>"s7WweYu68QW4TgjcfQUnyxwty0cfy1shspinz4rMXgVJnoOzXuusQcNCYT1tVorykHpLcYMNRrsF9QJGgwJT4g==", "school_class"=>{"title"=>"lala", "room_number"=>"0"}, "commit"=>"Update School class", "id"=>"6"}
  [1m[35mSchoolClass Load (0.2ms)[0m  SELECT  "school_classes".* FROM "school_classes" WHERE "school_classes"."id" = ? LIMIT 1  [["id", 6]]
Completed 500 Internal Server Error in 24ms (ActiveRecord: 0.2ms)

NoMethodError (undefined method `school_classe_params' for #<SchoolClassesController:0x007f9daa0cb120>
Did you mean?  school_class_path
               school_classes_path):
  app/controllers/school_classes_controller.rb:24:in `update'


  Rendered /Users/daianebushey/.rvm/gems/ruby-2.3.3/gems/actionpack-4.2.10/lib/action_dispatch/middleware/templates/rescues/_source.erb (4.4ms)
  Rendered /Users/daianebushey/.rvm/gems/ruby-2.3.3/gems/actionpack-4.2.10/lib/action_dispatch/middleware/templates/rescues/_trace.html.erb (2.3ms)
  Rendered /Users/daianebushey/.rvm/gems/ruby-2.3.3/gems/actionpack-4.2.10/lib/action_dispatch/middleware/templates/rescues/_request_and_response.html.erb (1.2ms)
  Rendered /Users/daianebushey/.rvm/gems/ruby-2.3.3/gems/actionpack-4.2.10/lib/action_dispatch/middleware/templates/rescues/diagnostics.html.erb within rescues/layout (104.5ms)


Started GET "/students" for ::1 at 2018-05-21 19:38:44 -0400
  [1m[36mActiveRecord::SchemaMigration Load (0.3ms)[0m  [1mSELECT "schema_migrations".* FROM "schema_migrations"[0m

SyntaxError (/Users/daianebushey/flatiron_dev/week_5_rails/2018-05-21/rails-form_for-lab-dumbo-web-042318/app/controllers/students_controller.rb:32: syntax error, unexpected keyword_end, expecting end-of-input):
  app/controllers/students_controller.rb:32: syntax error, unexpected keyword_end, expecting end-of-input


  Rendered /Users/daianebushey/.rvm/gems/ruby-2.3.3/gems/actionpack-4.2.10/lib/action_dispatch/middleware/templates/rescues/_source.erb (4.4ms)
  Rendered /Users/daianebushey/.rvm/gems/ruby-2.3.3/gems/actionpack-4.2.10/lib/action_dispatch/middleware/templates/rescues/_trace.html.erb (2.3ms)
  Rendered /Users/daianebushey/.rvm/gems/ruby-2.3.3/gems/actionpack-4.2.10/lib/action_dispatch/middleware/templates/rescues/_request_and_response.html.erb (14.8ms)
  Rendered /Users/daianebushey/.rvm/gems/ruby-2.3.3/gems/actionpack-4.2.10/lib/action_dispatch/middleware/templates/rescues/diagnostics.html.erb within rescues/layout (122.8ms)


Started GET "/students" for ::1 at 2018-05-21 19:39:51 -0400

AbstractController::ActionNotFound (The action 'index' could not be found for StudentsController):
  actionpack (4.2.10) lib/abstract_controller/base.rb:132:in `process'
  actionview (4.2.10) lib/action_view/rendering.rb:30:in `process'
  actionpack (4.2.10) lib/action_controller/metal.rb:196:in `dispatch'
  actionpack (4.2.10) lib/action_controller/metal/rack_delegation.rb:13:in `dispatch'
  actionpack (4.2.10) lib/action_controller/metal.rb:237:in `block in action'
  actionpack (4.2.10) lib/action_dispatch/routing/route_set.rb:74:in `dispatch'
  actionpack (4.2.10) lib/action_dispatch/routing/route_set.rb:43:in `serve'
  actionpack (4.2.10) lib/action_dispatch/journey/router.rb:43:in `block in serve'
  actionpack (4.2.10) lib/action_dispatch/journey/router.rb:30:in `each'
  actionpack (4.2.10) lib/action_dispatch/journey/router.rb:30:in `serve'
  actionpack (4.2.10) lib/action_dispatch/routing/route_set.rb:817:in `call'
  rack (1.6.10) lib/rack/etag.rb:24:in `call'
  rack (1.6.10) lib/rack/conditionalget.rb:25:in `call'
  rack (1.6.10) lib/rack/head.rb:13:in `call'
  actionpack (4.2.10) lib/action_dispatch/middleware/params_parser.rb:27:in `call'
  actionpack (4.2.10) lib/action_dispatch/middleware/flash.rb:260:in `call'
  rack (1.6.10) lib/rack/session/abstract/id.rb:225:in `context'
  rack (1.6.10) lib/rack/session/abstract/id.rb:220:in `call'
  actionpack (4.2.10) lib/action_dispatch/middleware/cookies.rb:560:in `call'
  activerecord (4.2.10) lib/active_record/query_cache.rb:36:in `call'
  activerecord (4.2.10) lib/active_record/connection_adapters/abstract/connection_pool.rb:653:in `call'
  activerecord (4.2.10) lib/active_record/migration.rb:377:in `call'
  actionpack (4.2.10) lib/action_dispatch/middleware/callbacks.rb:29:in `block in call'
  activesupport (4.2.10) lib/active_support/callbacks.rb:88:in `__run_callbacks__'
  activesupport (4.2.10) lib/active_support/callbacks.rb:778:in `_run_call_callbacks'
  activesupport (4.2.10) lib/active_support/callbacks.rb:81:in `run_callbacks'
  actionpack (4.2.10) lib/action_dispatch/middleware/callbacks.rb:27:in `call'
  actionpack (4.2.10) lib/action_dispatch/middleware/reloader.rb:73:in `call'
  actionpack (4.2.10) lib/action_dispatch/middleware/remote_ip.rb:78:in `call'
  actionpack (4.2.10) lib/action_dispatch/middleware/debug_exceptions.rb:17:in `call'
  actionpack (4.2.10) lib/action_dispatch/middleware/show_exceptions.rb:30:in `call'
  railties (4.2.10) lib/rails/rack/logger.rb:38:in `call_app'
  railties (4.2.10) lib/rails/rack/logger.rb:20:in `block in call'
  activesupport (4.2.10) lib/active_support/tagged_logging.rb:68:in `block in tagged'
  activesupport (4.2.10) lib/active_support/tagged_logging.rb:26:in `tagged'
  activesupport (4.2.10) lib/active_support/tagged_logging.rb:68:in `tagged'
  railties (4.2.10) lib/rails/rack/logger.rb:20:in `call'
  actionpack (4.2.10) lib/action_dispatch/middleware/request_id.rb:21:in `call'
  rack (1.6.10) lib/rack/methodoverride.rb:22:in `call'
  rack (1.6.10) lib/rack/runtime.rb:18:in `call'
  activesupport (4.2.10) lib/active_support/cache/strategy/local_cache_middleware.rb:28:in `call'
  rack (1.6.10) lib/rack/lock.rb:17:in `call'
  actionpack (4.2.10) lib/action_dispatch/middleware/static.rb:120:in `call'
  rack (1.6.10) lib/rack/sendfile.rb:113:in `call'
  railties (4.2.10) lib/rails/engine.rb:518:in `call'
  railties (4.2.10) lib/rails/application.rb:165:in `call'
  rack (1.6.10) lib/rack/lock.rb:17:in `call'
  rack (1.6.10) lib/rack/content_length.rb:15:in `call'
  rack (1.6.10) lib/rack/handler/webrick.rb:88:in `service'
  /Users/daianebushey/.rvm/rubies/ruby-2.3.3/lib/ruby/2.3.0/webrick/httpserver.rb:140:in `service'
  /Users/daianebushey/.rvm/rubies/ruby-2.3.3/lib/ruby/2.3.0/webrick/httpserver.rb:96:in `run'
  /Users/daianebushey/.rvm/rubies/ruby-2.3.3/lib/ruby/2.3.0/webrick/server.rb:296:in `block in start_thread'


  Rendered /Users/daianebushey/.rvm/gems/ruby-2.3.3/gems/actionpack-4.2.10/lib/action_dispatch/middleware/templates/rescues/unknown_action.html.erb within rescues/layout (0.5ms)


Started GET "/students/new" for ::1 at 2018-05-21 19:40:01 -0400
Processing by StudentsController#new as HTML
  Rendered students/new.html.erb within layouts/application (2.3ms)
Completed 500 Internal Server Error in 16ms (ActiveRecord: 0.0ms)

ActionView::Template::Error (First argument in form cannot contain nil or be empty):
    1: <h1>Student Form</h1>
    2: 
    3: <%= form_for(@student) do |f| %>
    4: 
    5: <label>First Name:</label><br>
    6: <%= f.text_field :first_name %><br>
  app/views/students/new.html.erb:3:in `_app_views_students_new_html_erb___2507419135626597847_70222226253520'


  Rendered /Users/daianebushey/.rvm/gems/ruby-2.3.3/gems/actionpack-4.2.10/lib/action_dispatch/middleware/templates/rescues/_source.erb (6.6ms)
  Rendered /Users/daianebushey/.rvm/gems/ruby-2.3.3/gems/actionpack-4.2.10/lib/action_dispatch/middleware/templates/rescues/_trace.html.erb (4.7ms)
  Rendered /Users/daianebushey/.rvm/gems/ruby-2.3.3/gems/actionpack-4.2.10/lib/action_dispatch/middleware/templates/rescues/_request_and_response.html.erb (1.5ms)
  Rendered /Users/daianebushey/.rvm/gems/ruby-2.3.3/gems/actionpack-4.2.10/lib/action_dispatch/middleware/templates/rescues/template_error.html.erb within rescues/layout (98.6ms)


Started GET "/students/new" for ::1 at 2018-05-21 19:41:33 -0400
Processing by StudentsController#new as HTML
  Rendered students/new.html.erb within layouts/application (3.1ms)
Completed 500 Internal Server Error in 16ms (ActiveRecord: 0.0ms)

ActionView::Template::Error (First argument in form cannot contain nil or be empty):
    1: <h1>Student Form</h1>
    2: 
    3: <%= form_for(@student) do |f| %>
    4: 
    5: <label>First Name:</label><br>
    6: <%= f.text_field :first_name %><br>
  app/views/students/new.html.erb:3:in `_app_views_students_new_html_erb___2507419135626597847_70222226253520'


  Rendered /Users/daianebushey/.rvm/gems/ruby-2.3.3/gems/actionpack-4.2.10/lib/action_dispatch/middleware/templates/rescues/_source.erb (7.3ms)
  Rendered /Users/daianebushey/.rvm/gems/ruby-2.3.3/gems/actionpack-4.2.10/lib/action_dispatch/middleware/templates/rescues/_trace.html.erb (3.3ms)
  Rendered /Users/daianebushey/.rvm/gems/ruby-2.3.3/gems/actionpack-4.2.10/lib/action_dispatch/middleware/templates/rescues/_request_and_response.html.erb (1.0ms)
  Rendered /Users/daianebushey/.rvm/gems/ruby-2.3.3/gems/actionpack-4.2.10/lib/action_dispatch/middleware/templates/rescues/template_error.html.erb within rescues/layout (91.7ms)


Started GET "/students/new" for ::1 at 2018-05-21 19:41:35 -0400
Processing by StudentsController#new as HTML
  Rendered students/new.html.erb within layouts/application (1.9ms)
Completed 500 Internal Server Error in 8ms (ActiveRecord: 0.0ms)

ActionView::Template::Error (First argument in form cannot contain nil or be empty):
    1: <h1>Student Form</h1>
    2: 
    3: <%= form_for(@student) do |f| %>
    4: 
    5: <label>First Name:</label><br>
    6: <%= f.text_field :first_name %><br>
  app/views/students/new.html.erb:3:in `_app_views_students_new_html_erb___2507419135626597847_70222226253520'


  Rendered /Users/daianebushey/.rvm/gems/ruby-2.3.3/gems/actionpack-4.2.10/lib/action_dispatch/middleware/templates/rescues/_source.erb (9.1ms)
  Rendered /Users/daianebushey/.rvm/gems/ruby-2.3.3/gems/actionpack-4.2.10/lib/action_dispatch/middleware/templates/rescues/_trace.html.erb (3.6ms)
  Rendered /Users/daianebushey/.rvm/gems/ruby-2.3.3/gems/actionpack-4.2.10/lib/action_dispatch/middleware/templates/rescues/_request_and_response.html.erb (1.2ms)
  Rendered /Users/daianebushey/.rvm/gems/ruby-2.3.3/gems/actionpack-4.2.10/lib/action_dispatch/middleware/templates/rescues/template_error.html.erb within rescues/layout (100.7ms)


Started GET "/students/new" for ::1 at 2018-05-21 19:42:04 -0400
Processing by StudentsController#new as HTML
  Rendered students/new.html.erb within layouts/application (13.3ms)
Completed 200 OK in 405ms (Views: 382.3ms | ActiveRecord: 0.8ms)


Started POST "/students" for ::1 at 2018-05-21 19:42:29 -0400
Processing by StudentsController#create as HTML
  Parameters: {"utf8"=>"✓", "authenticity_token"=>"g1y2LwSOs0QMC/TfERth09/CnQQrCIDfvHOAJJk3JgJ5d4Xl0d/uAHcHnT4BSMzqU5UdMrfOnUULHiWtkPkr5Q==", "student"=>{"first_name"=>"Dai1", "last_name"=>"B1"}, "commit"=>"Create Student"}
  [1m[35m (0.1ms)[0m  begin transaction
  [1m[36mSQL (1.3ms)[0m  [1mINSERT INTO "students" ("first_name", "last_name", "created_at", "updated_at") VALUES (?, ?, ?, ?)[0m  [["first_name", "Dai1"], ["last_name", "B1"], ["created_at", "2018-05-21 23:42:29.772365"], ["updated_at", "2018-05-21 23:42:29.772365"]]
  [1m[35m (1.3ms)[0m  commit transaction
Redirected to http://localhost:3000/students/3
Completed 302 Found in 7ms (ActiveRecord: 2.6ms)


Started GET "/students/3" for ::1 at 2018-05-21 19:42:29 -0400
Processing by StudentsController#show as HTML
  Parameters: {"id"=>"3"}
  [1m[36mStudent Load (0.2ms)[0m  [1mSELECT  "students".* FROM "students" WHERE "students"."id" = ? LIMIT 1[0m  [["id", 3]]
  Rendered students/show.html.erb within layouts/application (2.1ms)
Completed 200 OK in 55ms (Views: 42.9ms | ActiveRecord: 0.2ms)


Started GET "/students" for ::1 at 2018-05-21 19:42:38 -0400

AbstractController::ActionNotFound (The action 'index' could not be found for StudentsController):
  actionpack (4.2.10) lib/abstract_controller/base.rb:132:in `process'
  actionview (4.2.10) lib/action_view/rendering.rb:30:in `process'
  actionpack (4.2.10) lib/action_controller/metal.rb:196:in `dispatch'
  actionpack (4.2.10) lib/action_controller/metal/rack_delegation.rb:13:in `dispatch'
  actionpack (4.2.10) lib/action_controller/metal.rb:237:in `block in action'
  actionpack (4.2.10) lib/action_dispatch/routing/route_set.rb:74:in `dispatch'
  actionpack (4.2.10) lib/action_dispatch/routing/route_set.rb:43:in `serve'
  actionpack (4.2.10) lib/action_dispatch/journey/router.rb:43:in `block in serve'
  actionpack (4.2.10) lib/action_dispatch/journey/router.rb:30:in `each'
  actionpack (4.2.10) lib/action_dispatch/journey/router.rb:30:in `serve'
  actionpack (4.2.10) lib/action_dispatch/routing/route_set.rb:817:in `call'
  rack (1.6.10) lib/rack/etag.rb:24:in `call'
  rack (1.6.10) lib/rack/conditionalget.rb:25:in `call'
  rack (1.6.10) lib/rack/head.rb:13:in `call'
  actionpack (4.2.10) lib/action_dispatch/middleware/params_parser.rb:27:in `call'
  actionpack (4.2.10) lib/action_dispatch/middleware/flash.rb:260:in `call'
  rack (1.6.10) lib/rack/session/abstract/id.rb:225:in `context'
  rack (1.6.10) lib/rack/session/abstract/id.rb:220:in `call'
  actionpack (4.2.10) lib/action_dispatch/middleware/cookies.rb:560:in `call'
  activerecord (4.2.10) lib/active_record/query_cache.rb:36:in `call'
  activerecord (4.2.10) lib/active_record/connection_adapters/abstract/connection_pool.rb:653:in `call'
  activerecord (4.2.10) lib/active_record/migration.rb:377:in `call'
  actionpack (4.2.10) lib/action_dispatch/middleware/callbacks.rb:29:in `block in call'
  activesupport (4.2.10) lib/active_support/callbacks.rb:88:in `__run_callbacks__'
  activesupport (4.2.10) lib/active_support/callbacks.rb:778:in `_run_call_callbacks'
  activesupport (4.2.10) lib/active_support/callbacks.rb:81:in `run_callbacks'
  actionpack (4.2.10) lib/action_dispatch/middleware/callbacks.rb:27:in `call'
  actionpack (4.2.10) lib/action_dispatch/middleware/reloader.rb:73:in `call'
  actionpack (4.2.10) lib/action_dispatch/middleware/remote_ip.rb:78:in `call'
  actionpack (4.2.10) lib/action_dispatch/middleware/debug_exceptions.rb:17:in `call'
  actionpack (4.2.10) lib/action_dispatch/middleware/show_exceptions.rb:30:in `call'
  railties (4.2.10) lib/rails/rack/logger.rb:38:in `call_app'
  railties (4.2.10) lib/rails/rack/logger.rb:20:in `block in call'
  activesupport (4.2.10) lib/active_support/tagged_logging.rb:68:in `block in tagged'
  activesupport (4.2.10) lib/active_support/tagged_logging.rb:26:in `tagged'
  activesupport (4.2.10) lib/active_support/tagged_logging.rb:68:in `tagged'
  railties (4.2.10) lib/rails/rack/logger.rb:20:in `call'
  actionpack (4.2.10) lib/action_dispatch/middleware/request_id.rb:21:in `call'
  rack (1.6.10) lib/rack/methodoverride.rb:22:in `call'
  rack (1.6.10) lib/rack/runtime.rb:18:in `call'
  activesupport (4.2.10) lib/active_support/cache/strategy/local_cache_middleware.rb:28:in `call'
  rack (1.6.10) lib/rack/lock.rb:17:in `call'
  actionpack (4.2.10) lib/action_dispatch/middleware/static.rb:120:in `call'
  rack (1.6.10) lib/rack/sendfile.rb:113:in `call'
  railties (4.2.10) lib/rails/engine.rb:518:in `call'
  railties (4.2.10) lib/rails/application.rb:165:in `call'
  rack (1.6.10) lib/rack/lock.rb:17:in `call'
  rack (1.6.10) lib/rack/content_length.rb:15:in `call'
  rack (1.6.10) lib/rack/handler/webrick.rb:88:in `service'
  /Users/daianebushey/.rvm/rubies/ruby-2.3.3/lib/ruby/2.3.0/webrick/httpserver.rb:140:in `service'
  /Users/daianebushey/.rvm/rubies/ruby-2.3.3/lib/ruby/2.3.0/webrick/httpserver.rb:96:in `run'
  /Users/daianebushey/.rvm/rubies/ruby-2.3.3/lib/ruby/2.3.0/webrick/server.rb:296:in `block in start_thread'


  Rendered /Users/daianebushey/.rvm/gems/ruby-2.3.3/gems/actionpack-4.2.10/lib/action_dispatch/middleware/templates/rescues/unknown_action.html.erb within rescues/layout (0.7ms)


Started GET "/students/2/edit" for ::1 at 2018-05-21 19:42:51 -0400
Processing by StudentsController#edit as HTML
  Parameters: {"id"=>"2"}
  [1m[35mStudent Load (0.1ms)[0m  SELECT  "students".* FROM "students" WHERE "students"."id" = ? LIMIT 1  [["id", 2]]
Completed 404 Not Found in 1ms (ActiveRecord: 0.1ms)

ActiveRecord::RecordNotFound (Couldn't find Student with 'id'=2):
  app/controllers/students_controller.rb:32:in `set_student'


  Rendered /Users/daianebushey/.rvm/gems/ruby-2.3.3/gems/actionpack-4.2.10/lib/action_dispatch/middleware/templates/rescues/_source.erb (4.3ms)
  Rendered /Users/daianebushey/.rvm/gems/ruby-2.3.3/gems/actionpack-4.2.10/lib/action_dispatch/middleware/templates/rescues/_trace.html.erb (2.3ms)
  Rendered /Users/daianebushey/.rvm/gems/ruby-2.3.3/gems/actionpack-4.2.10/lib/action_dispatch/middleware/templates/rescues/_request_and_response.html.erb (1.6ms)
  Rendered /Users/daianebushey/.rvm/gems/ruby-2.3.3/gems/actionpack-4.2.10/lib/action_dispatch/middleware/templates/rescues/diagnostics.html.erb within rescues/layout (93.6ms)


Started GET "/students/3/edit" for ::1 at 2018-05-21 19:43:09 -0400
Processing by StudentsController#edit as HTML
  Parameters: {"id"=>"3"}
  [1m[36mStudent Load (0.1ms)[0m  [1mSELECT  "students".* FROM "students" WHERE "students"."id" = ? LIMIT 1[0m  [["id", 3]]
  Rendered students/edit.html.erb within layouts/application (2.7ms)
Completed 200 OK in 39ms (Views: 37.9ms | ActiveRecord: 0.1ms)


Started PATCH "/students/3" for ::1 at 2018-05-21 19:43:11 -0400
Processing by StudentsController#update as HTML
  Parameters: {"utf8"=>"✓", "authenticity_token"=>"AWB9Z/FoWmnMaERWgO2XaF7+D+6AxRHej9F6Y/18WH37S06tJDkHLbdkLbeQvjpR0qmP2BwDDEQ4vN/q9LJVmg==", "student"=>{"first_name"=>"Dai1", "last_name"=>"B1"}, "commit"=>"Update School class", "id"=>"3"}
  [1m[35mStudent Load (0.1ms)[0m  SELECT  "students".* FROM "students" WHERE "students"."id" = ? LIMIT 1  [["id", 3]]
  [1m[36m (0.0ms)[0m  [1mbegin transaction[0m
  [1m[35m (0.0ms)[0m  commit transaction
Redirected to http://localhost:3000/students/3
Completed 302 Found in 3ms (ActiveRecord: 0.2ms)


Started GET "/students/3" for ::1 at 2018-05-21 19:43:11 -0400
Processing by StudentsController#show as HTML
  Parameters: {"id"=>"3"}
  [1m[36mStudent Load (0.1ms)[0m  [1mSELECT  "students".* FROM "students" WHERE "students"."id" = ? LIMIT 1[0m  [["id", 3]]
  Rendered students/show.html.erb within layouts/application (0.1ms)
Completed 200 OK in 35ms (Views: 34.0ms | ActiveRecord: 0.1ms)


Started PATCH "/students/3" for ::1 at 2018-05-21 19:43:22 -0400
Processing by StudentsController#update as HTML
  Parameters: {"utf8"=>"✓", "authenticity_token"=>"AWB9Z/FoWmnMaERWgO2XaF7+D+6AxRHej9F6Y/18WH37S06tJDkHLbdkLbeQvjpR0qmP2BwDDEQ4vN/q9LJVmg==", "student"=>{"first_name"=>"Dai4444", "last_name"=>"B1"}, "commit"=>"Update School class", "id"=>"3"}
  [1m[35mStudent Load (0.1ms)[0m  SELECT  "students".* FROM "students" WHERE "students"."id" = ? LIMIT 1  [["id", 3]]
  [1m[36m (0.0ms)[0m  [1mbegin transaction[0m
  [1m[35mSQL (0.7ms)[0m  UPDATE "students" SET "first_name" = ?, "updated_at" = ? WHERE "students"."id" = ?  [["first_name", "Dai4444"], ["updated_at", "2018-05-21 23:43:22.606899"], ["id", 3]]
  [1m[36m (1.4ms)[0m  [1mcommit transaction[0m
Redirected to http://localhost:3000/students/3
Completed 302 Found in 6ms (ActiveRecord: 2.2ms)


Started GET "/students/3" for ::1 at 2018-05-21 19:43:22 -0400
Processing by StudentsController#show as HTML
  Parameters: {"id"=>"3"}
  [1m[35mStudent Load (0.2ms)[0m  SELECT  "students".* FROM "students" WHERE "students"."id" = ? LIMIT 1  [["id", 3]]
  Rendered students/show.html.erb within layouts/application (0.1ms)
Completed 200 OK in 53ms (Views: 51.4ms | ActiveRecord: 0.2ms)
